<?xml version="1.0" encoding="UTF-8"?>
<!-- Generated by org.testng.reporters.JUnitReportReporter -->
<testsuite hostname="DESKTOP-83C1EU3" failures="0" tests="2" name="TestCase.TS003_UI_EMIcalculator" time="6.127" errors="0" timestamp="2024-11-05T17:47:18 IST" skipped="0">
  <testcase classname="TestCase.TS003_UI_EMIcalculator" name="validate_EMICalPage" time="0.926"/>
  <testcase classname="TestCase.TS003_UI_EMIcalculator" name="user_validate_EMI_Calculator_functionality" time="5.201"/>
</testsuite> <!-- TestCase.TS003_UI_EMIcalculator -->
