<?xml version="1.0" encoding="UTF-8"?>
<!-- Generated by org.testng.reporters.JUnitReportReporter -->
<testsuite hostname="DESKTOP-83C1EU3" failures="0" tests="2" name="TestCase.TS004_UI_LoanAmountCalc" time="5.384" errors="0" timestamp="2024-11-05T17:47:18 IST" skipped="0">
  <testcase classname="TestCase.TS004_UI_LoanAmountCalc" name="validate_EMICalPage" time="0.797"/>
  <testcase classname="TestCase.TS004_UI_LoanAmountCalc" name="user_validate_Loan_Amount_Calculator_functionality" time="4.587"/>
</testsuite> <!-- TestCase.TS004_UI_LoanAmountCalc -->
