<?xml version="1.0" encoding="UTF-8"?>
<!-- Generated by org.testng.reporters.JUnitReportReporter -->
<testsuite hostname="DESKTOP-83C1EU3" failures="0" tests="2" name="TestCase.TS005_UI_LoanTenureCalc" time="5.503" errors="0" timestamp="2024-11-05T17:47:18 IST" skipped="0">
  <testcase classname="TestCase.TS005_UI_LoanTenureCalc" name="validate_EMICalPage" time="0.985"/>
  <testcase classname="TestCase.TS005_UI_LoanTenureCalc" name="user_validate_Loan_Tenure_Calculator_functionality" time="4.518"/>
</testsuite> <!-- TestCase.TS005_UI_LoanTenureCalc -->
