<?xml version="1.0" encoding="UTF-8"?>
<!-- Generated by org.testng.reporters.JUnitReportReporter -->
<testsuite hostname="DESKTOP-83C1EU3" failures="0" tests="2" name="TestCase.TS002_HomeLoanTest" time="12.997" errors="0" timestamp="2024-11-05T17:47:18 IST" skipped="0">
  <testcase classname="TestCase.TS002_HomeLoanTest" name="validate_HomeLoanPage" time="3.105"/>
  <testcase classname="TestCase.TS002_HomeLoanTest" name="homeloan" time="9.892"/>
</testsuite> <!-- TestCase.TS002_HomeLoanTest -->
