<?xml version="1.0" encoding="UTF-8"?>
<!-- Generated by org.testng.reporters.JUnitReportReporter -->
<testsuite hostname="DESKTOP-83C1EU3" failures="0" tests="2" name="TestCase.TS001_CarLoanTest" time="7.977" errors="0" timestamp="2024-11-05T17:47:18 IST" skipped="0">
  <testcase classname="TestCase.TS001_CarLoanTest" name="validate_carLoanPage" time="2.446"/>
  <testcase classname="TestCase.TS001_CarLoanTest" name="user_enteringValues_carLoan" time="5.531"/>
</testsuite> <!-- TestCase.TS001_CarLoanTest -->
